[2026-03-31 08:33:27] Recognized: desmond | Confidence: 80.2%
[2026-03-31 08:36:29] Recognized: desmond | Confidence: 77.3%
[2026-03-31 13:26:59] Recognized: desmond | Confidence: 80.2%
[2026-03-31 13:34:36] Recognized: desmond | Confidence: 76.5%
[2026-03-31 13:36:04] Recognized: desmond | Confidence: 75.6%
[2026-03-31 13:39:57] Recognized: kai jie | Confidence: 80.1%
[2026-03-31 13:40:25] Recognized: ci hong | Confidence: 76.7%
[2026-03-31 13:41:38] Recognized: kai jie | Confidence: 76.3%
[2026-03-31 13:42:43] Recognized: desmond | Confidence: 76.6%
[2026-03-31 13:43:18] Recognized: kai jie | Confidence: 77.2%
[2026-03-31 14:26:21] Recognized: hui sze | Confidence: 78.2%
[2026-03-31 14:26:44] Recognized: ci hong | Confidence: 75.7%
[2026-03-31 14:42:13] Recognized: shou sheng | Confidence: 79.4%
[2026-03-31 14:42:27] Recognized: ci hong | Confidence: 76.4%
[2026-03-31 14:43:34] Recognized: bevis | Confidence: 75.4%
[2026-03-31 14:44:05] Recognized: shou sheng | Confidence: 76.8%
[2026-03-31 14:44:43] Recognized: ci hong | Confidence: 75.5%
[2026-03-31 14:45:08] Recognized: shou sheng | Confidence: 75.0%
[2026-03-31 14:46:47] Recognized: ci hong | Confidence: 75.1%
[2026-03-31 14:47:26] Recognized: shou sheng | Confidence: 77.5%
[2026-03-31 14:48:26] Recognized: shou sheng | Confidence: 75.5%
